<?xml version="1.0" encoding="UTF-8"?>
<testng-results skipped="0" failed="0" ignored="0" total="1" passed="1">
  <reporter-output>
  </reporter-output>
  <suite name="Suite1" duration-ms="28864" started-at="2017-12-11T13:51:22Z" finished-at="2017-12-11T13:51:51Z">
    <groups>
    </groups>
    <test name="Nopackage" duration-ms="28864" started-at="2017-12-11T13:51:22Z" finished-at="2017-12-11T13:51:51Z">
      <class name="Implicit">
        <test-method status="PASS" signature="openBrowsers()[pri:0, instance:Implicit@68c4039c]" name="openBrowsers" is-config="true" duration-ms="4252" started-at="2017-12-11T08:51:23Z" finished-at="2017-12-11T08:51:27Z">
          <reporter-output>
          </reporter-output>
        </test-method> <!-- openBrowsers -->
        <test-method status="PASS" signature="mainTest()[pri:0, instance:Implicit@68c4039c]" name="mainTest" duration-ms="24559" started-at="2017-12-11T08:51:27Z" finished-at="2017-12-11T08:51:51Z">
          <reporter-output>
          </reporter-output>
        </test-method> <!-- mainTest -->
      </class> <!-- Implicit -->
    </test> <!-- Nopackage -->
  </suite> <!-- Suite1 -->
</testng-results>
